
------------------------
2023.03.02 21:20:01
Заявка
<b>Имя:</b> <br/><b>Телефон:</b> <br/><b>email:</b> <br/>
------------------------

------------------------
2023.03.02 21:24:00
Заявка
<b>Имя:</b> <br/><b>Телефон:</b> <br/><b>email:</b> <br/>
------------------------

------------------------
2023.03.02 21:28:25
Заявка
<b>Имя:</b> <br/><b>Телефон:</b> <br/><b>email:</b> <br/>
------------------------

------------------------
2023.03.02 21:31:08
Заявка
<b>Имя:</b> <br/><b>Телефон:</b> <br/>
------------------------

------------------------
2023.03.03 9:24:20
Заявка
<b>Имя:</b> <br/><b>Телефон:</b> <br/>
------------------------

------------------------
2023.03.03 9:39:49
Заявка
<b>Имя:</b> dfgdfgdfg<br/><b>Телефон:</b> 453345345345<br/>
------------------------

------------------------
2023.03.03 9:54:19
Заявка c сайта 4-btc.com
<b>Имя:</b> Андрей<br/><b>Телефон:</b> 89124445566<br/>
------------------------

------------------------
2023.03.03 10:25:56
Заявка c сайта 4-btc.com
<b>Имя:</b> Андрей<br/><b>Телефон:</b> +7-999-999-99-99<br/>
------------------------

------------------------
2023.03.03 10:32:39
Заявка c сайта 4-btc.com
<b>Имя:</b> Андрей<br/><b>Телефон:</b> +7-999-999-99-99<br/>
------------------------

------------------------
2023.03.03 10:35:21
Заявка c сайта 4-btc.com
<b>Имя:</b> Андрей<br/><b>Телефон:</b> +7-999-999-99-99<br/>
------------------------

------------------------
2023.03.03 10:35:51
Заявка c сайта 4-btc.com
<b>Имя:</b> Андрей<br/><b>Телефон:</b> +7-999-999-99-99<br/>
------------------------

------------------------
2023.03.03 10:43:22
Заявка c сайта 4-btc.com
<b>Имя:</b> Андрей<br/><b>Телефон:</b> +7-999-999-99-99<br/>
------------------------

------------------------
2023.03.03 10:52:28
Заявка c сайта 4-btc.com
<b>Имя:</b> Андрей<br/><b>Телефон:</b> +7-999-999-99-99<br/>
------------------------

------------------------
2023.03.03 10:52:51
Заявка c сайта 4-btc.com
<b>Имя:</b> Андрей<br/><b>Телефон:</b> 79999999922<br/>
------------------------

------------------------
2023.03.03 10:53:45
Заявка c сайта 4-btc.com
<b>Имя:</b> Андрей<br/><b>Телефон:</b> 79999999912<br/>
------------------------
