
------------------------
2023.03.03 12:28:52
Заявка c сайта 4-btc.com
<b>Имя:</b> Андрей<br/><b>Телефон:</b> 79164330000<br/>
------------------------

------------------------
2023.03.07 10:37:15
Заявка c сайта 4-btc.com
<b>Имя:</b> Марина<br/><b>Телефон:</b> 79168104994<br/>
------------------------

------------------------
2023.03.11 11:20:21
Заявка c сайта 4-btc.com
<b>Имя:</b> Тмсьтчл.мсь мсььпобмсдмслбспльипшлип<br/><b>Телефон:</b> 889856988995568898899889988999756953642841608<br/>
------------------------

------------------------
2023.03.11 11:20:23
Заявка c сайта 4-btc.com
<b>Имя:</b> Тмсьтчл.мсь мсььпобмсдмслбспльипшлип<br/><b>Телефон:</b> 889856988995568898899889988999756953642841608<br/>
------------------------

------------------------
2023.03.13 14:10:23
Заявка c сайта 4-btc.com
<b>Имя:</b> Аудиозвонок +7 930 381-91-26<br/><b>Телефон:</b> Аудиозвонок +7 930 381-91-26<br/>
------------------------

------------------------
2023.03.13 14:10:25
Заявка c сайта 4-btc.com
<b>Имя:</b> Аудиозвонок +7 930 381-91-26<br/><b>Телефон:</b> Аудиозвонок +7 930 381-91-26<br/>
------------------------

------------------------
2023.03.13 14:10:39
Заявка c сайта 4-btc.com
<b>Имя:</b> Аудиозвонок +7 930 381-91-26<br/><b>Телефон:</b> Аудиозвонок +7 930 381-91-26<br/>
------------------------

------------------------
2023.03.13 14:10:49
Заявка c сайта 4-btc.com
<b>Имя:</b> Аудиозвонок +7 930 381-91-26<br/><b>Телефон:</b> Аудиозвонок +7 930 381-91-26<br/>
------------------------
